<?xml version="1.0" encoding="UTF-8"?>
<!-- Generated by org.testng.reporters.JUnitXMLReporter -->
<testsuite hostname="DESKTOP-L3D1IKQ" ignored="0" name="Default test" tests="4" failures="0" timestamp="17 Jan 2021 05:54:15 GMT" time="116.299" errors="0">
  <testcase name="verifyErrorOnSubmit" time="2.303" classname="com.jupiter.testcases.JupiterToysTest"/>
  <testcase name="verifySuccessOnSubmit" time="6.518" classname="com.jupiter.testcases.JupiterToysTest"/>
  <testcase name="verifyErrorForInvalidData" time="2.73" classname="com.jupiter.testcases.JupiterToysTest"/>
  <testcase name="verifyItemsInShoppingCart" time="8.547" classname="com.jupiter.testcases.JupiterToysTest"/>
</testsuite> <!-- Default test -->
